<?xml version="1.0" encoding="UTF-8"?>
<testsuite xmlns:xsi="http://www.w3.org/2001/XMLSchema-instance" xsi:noNamespaceSchemaLocation="https://maven.apache.org/surefire/maven-surefire-plugin/xsd/surefire-test-report.xsd" name="guru.springframework.sfgpetclinic.SfgPetClinicApplicationTests" time="5.207" tests="1" errors="0" skipped="0" failures="0">
  <properties>
    <property name="sun.desktop" value="windows"/>
    <property name="awt.toolkit" value="sun.awt.windows.WToolkit"/>
    <property name="java.specification.version" value="11"/>
    <property name="sun.cpu.isalist" value="amd64"/>
    <property name="sun.jnu.encoding" value="Cp1252"/>
    <property name="java.class.path" value="D:\Akash\Study\workspaces\spring\sfg-pet-clinic\pet-clinic-web\target\test-classes;D:\Akash\Study\workspaces\spring\sfg-pet-clinic\pet-clinic-web\target\classes;D:\Akash\Study\workspaces\spring\sfg-pet-clinic\pet-clinic-data\target\pet-clinic-data-0.0.3-SNAPSHOT.jar;C:\Users\91878\.m2\repository\org\springframework\boot\spring-boot-starter-data-jpa\2.1.17.RELEASE\spring-boot-starter-data-jpa-2.1.17.RELEASE.jar;C:\Users\91878\.m2\repository\org\springframework\boot\spring-boot-starter-aop\2.1.17.RELEASE\spring-boot-starter-aop-2.1.17.RELEASE.jar;C:\Users\91878\.m2\repository\org\aspectj\aspectjweaver\1.9.6\aspectjweaver-1.9.6.jar;C:\Users\91878\.m2\repository\org\springframework\boot\spring-boot-starter-jdbc\2.1.17.RELEASE\spring-boot-starter-jdbc-2.1.17.RELEASE.jar;C:\Users\91878\.m2\repository\com\zaxxer\HikariCP\3.2.0\HikariCP-3.2.0.jar;C:\Users\91878\.m2\repository\org\springframework\spring-jdbc\5.1.18.RELEASE\spring-jdbc-5.1.18.RELEASE.jar;C:\Users\91878\.m2\repository\javax\transaction\javax.transaction-api\1.3\javax.transaction-api-1.3.jar;C:\Users\91878\.m2\repository\javax\xml\bind\jaxb-api\2.3.1\jaxb-api-2.3.1.jar;C:\Users\91878\.m2\repository\javax\activation\javax.activation-api\1.2.0\javax.activation-api-1.2.0.jar;C:\Users\91878\.m2\repository\org\hibernate\hibernate-core\5.3.18.Final\hibernate-core-5.3.18.Final.jar;C:\Users\91878\.m2\repository\javax\persistence\javax.persistence-api\2.2\javax.persistence-api-2.2.jar;C:\Users\91878\.m2\repository\org\javassist\javassist\3.23.2-GA\javassist-3.23.2-GA.jar;C:\Users\91878\.m2\repository\antlr\antlr\2.7.7\antlr-2.7.7.jar;C:\Users\91878\.m2\repository\org\jboss\jandex\2.0.5.Final\jandex-2.0.5.Final.jar;C:\Users\91878\.m2\repository\org\dom4j\dom4j\2.1.3\dom4j-2.1.3.jar;C:\Users\91878\.m2\repository\org\hibernate\common\hibernate-commons-annotations\5.0.4.Final\hibernate-commons-annotations-5.0.4.Final.jar;C:\Users\91878\.m2\repository\org\glassfish\jaxb\jaxb-runtime\2.3.1\jaxb-runtime-2.3.1.jar;C:\Users\91878\.m2\repository\org\glassfish\jaxb\txw2\2.3.1\txw2-2.3.1.jar;C:\Users\91878\.m2\repository\com\sun\istack\istack-commons-runtime\3.0.7\istack-commons-runtime-3.0.7.jar;C:\Users\91878\.m2\repository\org\jvnet\staxex\stax-ex\1.8\stax-ex-1.8.jar;C:\Users\91878\.m2\repository\com\sun\xml\fastinfoset\FastInfoset\1.2.15\FastInfoset-1.2.15.jar;C:\Users\91878\.m2\repository\org\springframework\data\spring-data-jpa\2.1.20.RELEASE\spring-data-jpa-2.1.20.RELEASE.jar;C:\Users\91878\.m2\repository\org\springframework\data\spring-data-commons\2.1.20.RELEASE\spring-data-commons-2.1.20.RELEASE.jar;C:\Users\91878\.m2\repository\org\springframework\spring-orm\5.1.18.RELEASE\spring-orm-5.1.18.RELEASE.jar;C:\Users\91878\.m2\repository\org\springframework\spring-tx\5.1.18.RELEASE\spring-tx-5.1.18.RELEASE.jar;C:\Users\91878\.m2\repository\org\springframework\spring-aspects\5.1.18.RELEASE\spring-aspects-5.1.18.RELEASE.jar;C:\Users\91878\.m2\repository\com\h2database\h2\1.4.200\h2-1.4.200.jar;C:\Users\91878\.m2\repository\mysql\mysql-connector-java\8.0.21\mysql-connector-java-8.0.21.jar;C:\Users\91878\.m2\repository\org\springframework\boot\spring-boot-starter-actuator\2.1.17.RELEASE\spring-boot-starter-actuator-2.1.17.RELEASE.jar;C:\Users\91878\.m2\repository\org\springframework\boot\spring-boot-starter\2.1.17.RELEASE\spring-boot-starter-2.1.17.RELEASE.jar;C:\Users\91878\.m2\repository\org\springframework\boot\spring-boot-starter-logging\2.1.17.RELEASE\spring-boot-starter-logging-2.1.17.RELEASE.jar;C:\Users\91878\.m2\repository\ch\qos\logback\logback-classic\1.2.3\logback-classic-1.2.3.jar;C:\Users\91878\.m2\repository\ch\qos\logback\logback-core\1.2.3\logback-core-1.2.3.jar;C:\Users\91878\.m2\repository\org\apache\logging\log4j\log4j-to-slf4j\2.11.2\log4j-to-slf4j-2.11.2.jar;C:\Users\91878\.m2\repository\org\apache\logging\log4j\log4j-api\2.11.2\log4j-api-2.11.2.jar;C:\Users\91878\.m2\repository\org\slf4j\jul-to-slf4j\1.7.30\jul-to-slf4j-1.7.30.jar;C:\Users\91878\.m2\repository\javax\annotation\javax.annotation-api\1.3.2\javax.annotation-api-1.3.2.jar;C:\Users\91878\.m2\repository\org\yaml\snakeyaml\1.23\snakeyaml-1.23.jar;C:\Users\91878\.m2\repository\org\springframework\boot\spring-boot-actuator-autoconfigure\2.1.17.RELEASE\spring-boot-actuator-autoconfigure-2.1.17.RELEASE.jar;C:\Users\91878\.m2\repository\org\springframework\boot\spring-boot-actuator\2.1.17.RELEASE\spring-boot-actuator-2.1.17.RELEASE.jar;C:\Users\91878\.m2\repository\com\fasterxml\jackson\core\jackson-databind\2.9.10.6\jackson-databind-2.9.10.6.jar;C:\Users\91878\.m2\repository\com\fasterxml\jackson\core\jackson-annotations\2.9.10\jackson-annotations-2.9.10.jar;C:\Users\91878\.m2\repository\org\springframework\spring-context\5.1.18.RELEASE\spring-context-5.1.18.RELEASE.jar;C:\Users\91878\.m2\repository\com\fasterxml\jackson\datatype\jackson-datatype-jsr310\2.9.10\jackson-datatype-jsr310-2.9.10.jar;C:\Users\91878\.m2\repository\io\micrometer\micrometer-core\1.1.18\micrometer-core-1.1.18.jar;C:\Users\91878\.m2\repository\org\hdrhistogram\HdrHistogram\2.1.9\HdrHistogram-2.1.9.jar;C:\Users\91878\.m2\repository\org\latencyutils\LatencyUtils\2.0.3\LatencyUtils-2.0.3.jar;C:\Users\91878\.m2\repository\org\springframework\boot\spring-boot-starter-thymeleaf\2.1.17.RELEASE\spring-boot-starter-thymeleaf-2.1.17.RELEASE.jar;C:\Users\91878\.m2\repository\org\thymeleaf\thymeleaf-spring5\3.0.11.RELEASE\thymeleaf-spring5-3.0.11.RELEASE.jar;C:\Users\91878\.m2\repository\org\thymeleaf\thymeleaf\3.0.11.RELEASE\thymeleaf-3.0.11.RELEASE.jar;C:\Users\91878\.m2\repository\org\attoparser\attoparser\2.0.5.RELEASE\attoparser-2.0.5.RELEASE.jar;C:\Users\91878\.m2\repository\org\unbescape\unbescape\1.1.6.RELEASE\unbescape-1.1.6.RELEASE.jar;C:\Users\91878\.m2\repository\org\thymeleaf\extras\thymeleaf-extras-java8time\3.0.4.RELEASE\thymeleaf-extras-java8time-3.0.4.RELEASE.jar;C:\Users\91878\.m2\repository\org\springframework\boot\spring-boot-starter-web\2.1.17.RELEASE\spring-boot-starter-web-2.1.17.RELEASE.jar;C:\Users\91878\.m2\repository\org\springframework\boot\spring-boot-starter-json\2.1.17.RELEASE\spring-boot-starter-json-2.1.17.RELEASE.jar;C:\Users\91878\.m2\repository\com\fasterxml\jackson\datatype\jackson-datatype-jdk8\2.9.10\jackson-datatype-jdk8-2.9.10.jar;C:\Users\91878\.m2\repository\com\fasterxml\jackson\module\jackson-module-parameter-names\2.9.10\jackson-module-parameter-names-2.9.10.jar;C:\Users\91878\.m2\repository\org\springframework\boot\spring-boot-starter-tomcat\2.1.17.RELEASE\spring-boot-starter-tomcat-2.1.17.RELEASE.jar;C:\Users\91878\.m2\repository\org\apache\tomcat\embed\tomcat-embed-core\9.0.38\tomcat-embed-core-9.0.38.jar;C:\Users\91878\.m2\repository\org\apache\tomcat\embed\tomcat-embed-el\9.0.38\tomcat-embed-el-9.0.38.jar;C:\Users\91878\.m2\repository\org\apache\tomcat\embed\tomcat-embed-websocket\9.0.38\tomcat-embed-websocket-9.0.38.jar;C:\Users\91878\.m2\repository\org\hibernate\validator\hibernate-validator\6.0.20.Final\hibernate-validator-6.0.20.Final.jar;C:\Users\91878\.m2\repository\javax\validation\validation-api\2.0.1.Final\validation-api-2.0.1.Final.jar;C:\Users\91878\.m2\repository\org\jboss\logging\jboss-logging\3.3.3.Final\jboss-logging-3.3.3.Final.jar;C:\Users\91878\.m2\repository\com\fasterxml\classmate\1.4.0\classmate-1.4.0.jar;C:\Users\91878\.m2\repository\org\springframework\spring-web\5.1.18.RELEASE\spring-web-5.1.18.RELEASE.jar;C:\Users\91878\.m2\repository\org\springframework\spring-beans\5.1.18.RELEASE\spring-beans-5.1.18.RELEASE.jar;C:\Users\91878\.m2\repository\org\springframework\spring-webmvc\5.1.18.RELEASE\spring-webmvc-5.1.18.RELEASE.jar;C:\Users\91878\.m2\repository\org\springframework\spring-aop\5.1.18.RELEASE\spring-aop-5.1.18.RELEASE.jar;C:\Users\91878\.m2\repository\org\springframework\spring-expression\5.1.18.RELEASE\spring-expression-5.1.18.RELEASE.jar;C:\Users\91878\.m2\repository\org\springframework\boot\spring-boot-devtools\2.1.17.RELEASE\spring-boot-devtools-2.1.17.RELEASE.jar;C:\Users\91878\.m2\repository\org\springframework\boot\spring-boot\2.1.17.RELEASE\spring-boot-2.1.17.RELEASE.jar;C:\Users\91878\.m2\repository\org\springframework\boot\spring-boot-autoconfigure\2.1.17.RELEASE\spring-boot-autoconfigure-2.1.17.RELEASE.jar;C:\Users\91878\.m2\repository\org\webjars\webjars-locator-core\0.35\webjars-locator-core-0.35.jar;C:\Users\91878\.m2\repository\org\slf4j\slf4j-api\1.7.30\slf4j-api-1.7.30.jar;C:\Users\91878\.m2\repository\org\apache\commons\commons-lang3\3.8.1\commons-lang3-3.8.1.jar;C:\Users\91878\.m2\repository\org\apache\commons\commons-compress\1.9\commons-compress-1.9.jar;C:\Users\91878\.m2\repository\com\fasterxml\jackson\core\jackson-core\2.9.10\jackson-core-2.9.10.jar;C:\Users\91878\.m2\repository\org\webjars\jquery\2.2.4\jquery-2.2.4.jar;C:\Users\91878\.m2\repository\org\webjars\jquery-ui\1.11.4\jquery-ui-1.11.4.jar;C:\Users\91878\.m2\repository\org\webjars\bootstrap\3.3.6\bootstrap-3.3.6.jar;C:\Users\91878\.m2\repository\org\springframework\boot\spring-boot-starter-test\2.1.17.RELEASE\spring-boot-starter-test-2.1.17.RELEASE.jar;C:\Users\91878\.m2\repository\org\springframework\boot\spring-boot-test\2.1.17.RELEASE\spring-boot-test-2.1.17.RELEASE.jar;C:\Users\91878\.m2\repository\org\springframework\boot\spring-boot-test-autoconfigure\2.1.17.RELEASE\spring-boot-test-autoconfigure-2.1.17.RELEASE.jar;C:\Users\91878\.m2\repository\com\jayway\jsonpath\json-path\2.4.0\json-path-2.4.0.jar;C:\Users\91878\.m2\repository\net\minidev\json-smart\2.3\json-smart-2.3.jar;C:\Users\91878\.m2\repository\net\minidev\accessors-smart\1.2\accessors-smart-1.2.jar;C:\Users\91878\.m2\repository\org\ow2\asm\asm\5.0.4\asm-5.0.4.jar;C:\Users\91878\.m2\repository\junit\junit\4.12\junit-4.12.jar;C:\Users\91878\.m2\repository\org\assertj\assertj-core\3.11.1\assertj-core-3.11.1.jar;C:\Users\91878\.m2\repository\org\mockito\mockito-core\2.23.4\mockito-core-2.23.4.jar;C:\Users\91878\.m2\repository\net\bytebuddy\byte-buddy\1.9.16\byte-buddy-1.9.16.jar;C:\Users\91878\.m2\repository\net\bytebuddy\byte-buddy-agent\1.9.16\byte-buddy-agent-1.9.16.jar;C:\Users\91878\.m2\repository\org\objenesis\objenesis\2.6\objenesis-2.6.jar;C:\Users\91878\.m2\repository\org\hamcrest\hamcrest-core\1.3\hamcrest-core-1.3.jar;C:\Users\91878\.m2\repository\org\hamcrest\hamcrest-library\1.3\hamcrest-library-1.3.jar;C:\Users\91878\.m2\repository\org\skyscreamer\jsonassert\1.5.0\jsonassert-1.5.0.jar;C:\Users\91878\.m2\repository\com\vaadin\external\google\android-json\0.0.20131108.vaadin1\android-json-0.0.20131108.vaadin1.jar;C:\Users\91878\.m2\repository\org\springframework\spring-core\5.1.18.RELEASE\spring-core-5.1.18.RELEASE.jar;C:\Users\91878\.m2\repository\org\springframework\spring-jcl\5.1.18.RELEASE\spring-jcl-5.1.18.RELEASE.jar;C:\Users\91878\.m2\repository\org\springframework\spring-test\5.1.18.RELEASE\spring-test-5.1.18.RELEASE.jar;C:\Users\91878\.m2\repository\org\xmlunit\xmlunit-core\2.6.4\xmlunit-core-2.6.4.jar;"/>
    <property name="java.vm.vendor" value="Oracle Corporation"/>
    <property name="sun.arch.data.model" value="64"/>
    <property name="user.variant" value=""/>
    <property name="java.vendor.url" value="https://openjdk.java.net/"/>
    <property name="user.timezone" value="Asia/Calcutta"/>
    <property name="java.vm.specification.version" value="11"/>
    <property name="os.name" value="Windows 10"/>
    <property name="sun.java.launcher" value="SUN_STANDARD"/>
    <property name="user.country" value="IN"/>
    <property name="sun.boot.library.path" value="C:\Program Files\Java\jdk-11.0.8\bin"/>
    <property name="sun.java.command" value="C:\Users\91878\AppData\Local\Temp\surefire6649147110762012877\surefirebooter5899848032650395190.jar C:\Users\91878\AppData\Local\Temp\surefire6649147110762012877 2020-12-06T21-00-12_867-jvmRun1 surefire8660973938633765664tmp surefire_01852517362925835348tmp"/>
    <property name="jdk.debug" value="release"/>
    <property name="surefire.test.class.path" value="D:\Akash\Study\workspaces\spring\sfg-pet-clinic\pet-clinic-web\target\test-classes;D:\Akash\Study\workspaces\spring\sfg-pet-clinic\pet-clinic-web\target\classes;D:\Akash\Study\workspaces\spring\sfg-pet-clinic\pet-clinic-data\target\pet-clinic-data-0.0.3-SNAPSHOT.jar;C:\Users\91878\.m2\repository\org\springframework\boot\spring-boot-starter-data-jpa\2.1.17.RELEASE\spring-boot-starter-data-jpa-2.1.17.RELEASE.jar;C:\Users\91878\.m2\repository\org\springframework\boot\spring-boot-starter-aop\2.1.17.RELEASE\spring-boot-starter-aop-2.1.17.RELEASE.jar;C:\Users\91878\.m2\repository\org\aspectj\aspectjweaver\1.9.6\aspectjweaver-1.9.6.jar;C:\Users\91878\.m2\repository\org\springframework\boot\spring-boot-starter-jdbc\2.1.17.RELEASE\spring-boot-starter-jdbc-2.1.17.RELEASE.jar;C:\Users\91878\.m2\repository\com\zaxxer\HikariCP\3.2.0\HikariCP-3.2.0.jar;C:\Users\91878\.m2\repository\org\springframework\spring-jdbc\5.1.18.RELEASE\spring-jdbc-5.1.18.RELEASE.jar;C:\Users\91878\.m2\repository\javax\transaction\javax.transaction-api\1.3\javax.transaction-api-1.3.jar;C:\Users\91878\.m2\repository\javax\xml\bind\jaxb-api\2.3.1\jaxb-api-2.3.1.jar;C:\Users\91878\.m2\repository\javax\activation\javax.activation-api\1.2.0\javax.activation-api-1.2.0.jar;C:\Users\91878\.m2\repository\org\hibernate\hibernate-core\5.3.18.Final\hibernate-core-5.3.18.Final.jar;C:\Users\91878\.m2\repository\javax\persistence\javax.persistence-api\2.2\javax.persistence-api-2.2.jar;C:\Users\91878\.m2\repository\org\javassist\javassist\3.23.2-GA\javassist-3.23.2-GA.jar;C:\Users\91878\.m2\repository\antlr\antlr\2.7.7\antlr-2.7.7.jar;C:\Users\91878\.m2\repository\org\jboss\jandex\2.0.5.Final\jandex-2.0.5.Final.jar;C:\Users\91878\.m2\repository\org\dom4j\dom4j\2.1.3\dom4j-2.1.3.jar;C:\Users\91878\.m2\repository\org\hibernate\common\hibernate-commons-annotations\5.0.4.Final\hibernate-commons-annotations-5.0.4.Final.jar;C:\Users\91878\.m2\repository\org\glassfish\jaxb\jaxb-runtime\2.3.1\jaxb-runtime-2.3.1.jar;C:\Users\91878\.m2\repository\org\glassfish\jaxb\txw2\2.3.1\txw2-2.3.1.jar;C:\Users\91878\.m2\repository\com\sun\istack\istack-commons-runtime\3.0.7\istack-commons-runtime-3.0.7.jar;C:\Users\91878\.m2\repository\org\jvnet\staxex\stax-ex\1.8\stax-ex-1.8.jar;C:\Users\91878\.m2\repository\com\sun\xml\fastinfoset\FastInfoset\1.2.15\FastInfoset-1.2.15.jar;C:\Users\91878\.m2\repository\org\springframework\data\spring-data-jpa\2.1.20.RELEASE\spring-data-jpa-2.1.20.RELEASE.jar;C:\Users\91878\.m2\repository\org\springframework\data\spring-data-commons\2.1.20.RELEASE\spring-data-commons-2.1.20.RELEASE.jar;C:\Users\91878\.m2\repository\org\springframework\spring-orm\5.1.18.RELEASE\spring-orm-5.1.18.RELEASE.jar;C:\Users\91878\.m2\repository\org\springframework\spring-tx\5.1.18.RELEASE\spring-tx-5.1.18.RELEASE.jar;C:\Users\91878\.m2\repository\org\springframework\spring-aspects\5.1.18.RELEASE\spring-aspects-5.1.18.RELEASE.jar;C:\Users\91878\.m2\repository\com\h2database\h2\1.4.200\h2-1.4.200.jar;C:\Users\91878\.m2\repository\mysql\mysql-connector-java\8.0.21\mysql-connector-java-8.0.21.jar;C:\Users\91878\.m2\repository\org\springframework\boot\spring-boot-starter-actuator\2.1.17.RELEASE\spring-boot-starter-actuator-2.1.17.RELEASE.jar;C:\Users\91878\.m2\repository\org\springframework\boot\spring-boot-starter\2.1.17.RELEASE\spring-boot-starter-2.1.17.RELEASE.jar;C:\Users\91878\.m2\repository\org\springframework\boot\spring-boot-starter-logging\2.1.17.RELEASE\spring-boot-starter-logging-2.1.17.RELEASE.jar;C:\Users\91878\.m2\repository\ch\qos\logback\logback-classic\1.2.3\logback-classic-1.2.3.jar;C:\Users\91878\.m2\repository\ch\qos\logback\logback-core\1.2.3\logback-core-1.2.3.jar;C:\Users\91878\.m2\repository\org\apache\logging\log4j\log4j-to-slf4j\2.11.2\log4j-to-slf4j-2.11.2.jar;C:\Users\91878\.m2\repository\org\apache\logging\log4j\log4j-api\2.11.2\log4j-api-2.11.2.jar;C:\Users\91878\.m2\repository\org\slf4j\jul-to-slf4j\1.7.30\jul-to-slf4j-1.7.30.jar;C:\Users\91878\.m2\repository\javax\annotation\javax.annotation-api\1.3.2\javax.annotation-api-1.3.2.jar;C:\Users\91878\.m2\repository\org\yaml\snakeyaml\1.23\snakeyaml-1.23.jar;C:\Users\91878\.m2\repository\org\springframework\boot\spring-boot-actuator-autoconfigure\2.1.17.RELEASE\spring-boot-actuator-autoconfigure-2.1.17.RELEASE.jar;C:\Users\91878\.m2\repository\org\springframework\boot\spring-boot-actuator\2.1.17.RELEASE\spring-boot-actuator-2.1.17.RELEASE.jar;C:\Users\91878\.m2\repository\com\fasterxml\jackson\core\jackson-databind\2.9.10.6\jackson-databind-2.9.10.6.jar;C:\Users\91878\.m2\repository\com\fasterxml\jackson\core\jackson-annotations\2.9.10\jackson-annotations-2.9.10.jar;C:\Users\91878\.m2\repository\org\springframework\spring-context\5.1.18.RELEASE\spring-context-5.1.18.RELEASE.jar;C:\Users\91878\.m2\repository\com\fasterxml\jackson\datatype\jackson-datatype-jsr310\2.9.10\jackson-datatype-jsr310-2.9.10.jar;C:\Users\91878\.m2\repository\io\micrometer\micrometer-core\1.1.18\micrometer-core-1.1.18.jar;C:\Users\91878\.m2\repository\org\hdrhistogram\HdrHistogram\2.1.9\HdrHistogram-2.1.9.jar;C:\Users\91878\.m2\repository\org\latencyutils\LatencyUtils\2.0.3\LatencyUtils-2.0.3.jar;C:\Users\91878\.m2\repository\org\springframework\boot\spring-boot-starter-thymeleaf\2.1.17.RELEASE\spring-boot-starter-thymeleaf-2.1.17.RELEASE.jar;C:\Users\91878\.m2\repository\org\thymeleaf\thymeleaf-spring5\3.0.11.RELEASE\thymeleaf-spring5-3.0.11.RELEASE.jar;C:\Users\91878\.m2\repository\org\thymeleaf\thymeleaf\3.0.11.RELEASE\thymeleaf-3.0.11.RELEASE.jar;C:\Users\91878\.m2\repository\org\attoparser\attoparser\2.0.5.RELEASE\attoparser-2.0.5.RELEASE.jar;C:\Users\91878\.m2\repository\org\unbescape\unbescape\1.1.6.RELEASE\unbescape-1.1.6.RELEASE.jar;C:\Users\91878\.m2\repository\org\thymeleaf\extras\thymeleaf-extras-java8time\3.0.4.RELEASE\thymeleaf-extras-java8time-3.0.4.RELEASE.jar;C:\Users\91878\.m2\repository\org\springframework\boot\spring-boot-starter-web\2.1.17.RELEASE\spring-boot-starter-web-2.1.17.RELEASE.jar;C:\Users\91878\.m2\repository\org\springframework\boot\spring-boot-starter-json\2.1.17.RELEASE\spring-boot-starter-json-2.1.17.RELEASE.jar;C:\Users\91878\.m2\repository\com\fasterxml\jackson\datatype\jackson-datatype-jdk8\2.9.10\jackson-datatype-jdk8-2.9.10.jar;C:\Users\91878\.m2\repository\com\fasterxml\jackson\module\jackson-module-parameter-names\2.9.10\jackson-module-parameter-names-2.9.10.jar;C:\Users\91878\.m2\repository\org\springframework\boot\spring-boot-starter-tomcat\2.1.17.RELEASE\spring-boot-starter-tomcat-2.1.17.RELEASE.jar;C:\Users\91878\.m2\repository\org\apache\tomcat\embed\tomcat-embed-core\9.0.38\tomcat-embed-core-9.0.38.jar;C:\Users\91878\.m2\repository\org\apache\tomcat\embed\tomcat-embed-el\9.0.38\tomcat-embed-el-9.0.38.jar;C:\Users\91878\.m2\repository\org\apache\tomcat\embed\tomcat-embed-websocket\9.0.38\tomcat-embed-websocket-9.0.38.jar;C:\Users\91878\.m2\repository\org\hibernate\validator\hibernate-validator\6.0.20.Final\hibernate-validator-6.0.20.Final.jar;C:\Users\91878\.m2\repository\javax\validation\validation-api\2.0.1.Final\validation-api-2.0.1.Final.jar;C:\Users\91878\.m2\repository\org\jboss\logging\jboss-logging\3.3.3.Final\jboss-logging-3.3.3.Final.jar;C:\Users\91878\.m2\repository\com\fasterxml\classmate\1.4.0\classmate-1.4.0.jar;C:\Users\91878\.m2\repository\org\springframework\spring-web\5.1.18.RELEASE\spring-web-5.1.18.RELEASE.jar;C:\Users\91878\.m2\repository\org\springframework\spring-beans\5.1.18.RELEASE\spring-beans-5.1.18.RELEASE.jar;C:\Users\91878\.m2\repository\org\springframework\spring-webmvc\5.1.18.RELEASE\spring-webmvc-5.1.18.RELEASE.jar;C:\Users\91878\.m2\repository\org\springframework\spring-aop\5.1.18.RELEASE\spring-aop-5.1.18.RELEASE.jar;C:\Users\91878\.m2\repository\org\springframework\spring-expression\5.1.18.RELEASE\spring-expression-5.1.18.RELEASE.jar;C:\Users\91878\.m2\repository\org\springframework\boot\spring-boot-devtools\2.1.17.RELEASE\spring-boot-devtools-2.1.17.RELEASE.jar;C:\Users\91878\.m2\repository\org\springframework\boot\spring-boot\2.1.17.RELEASE\spring-boot-2.1.17.RELEASE.jar;C:\Users\91878\.m2\repository\org\springframework\boot\spring-boot-autoconfigure\2.1.17.RELEASE\spring-boot-autoconfigure-2.1.17.RELEASE.jar;C:\Users\91878\.m2\repository\org\webjars\webjars-locator-core\0.35\webjars-locator-core-0.35.jar;C:\Users\91878\.m2\repository\org\slf4j\slf4j-api\1.7.30\slf4j-api-1.7.30.jar;C:\Users\91878\.m2\repository\org\apache\commons\commons-lang3\3.8.1\commons-lang3-3.8.1.jar;C:\Users\91878\.m2\repository\org\apache\commons\commons-compress\1.9\commons-compress-1.9.jar;C:\Users\91878\.m2\repository\com\fasterxml\jackson\core\jackson-core\2.9.10\jackson-core-2.9.10.jar;C:\Users\91878\.m2\repository\org\webjars\jquery\2.2.4\jquery-2.2.4.jar;C:\Users\91878\.m2\repository\org\webjars\jquery-ui\1.11.4\jquery-ui-1.11.4.jar;C:\Users\91878\.m2\repository\org\webjars\bootstrap\3.3.6\bootstrap-3.3.6.jar;C:\Users\91878\.m2\repository\org\springframework\boot\spring-boot-starter-test\2.1.17.RELEASE\spring-boot-starter-test-2.1.17.RELEASE.jar;C:\Users\91878\.m2\repository\org\springframework\boot\spring-boot-test\2.1.17.RELEASE\spring-boot-test-2.1.17.RELEASE.jar;C:\Users\91878\.m2\repository\org\springframework\boot\spring-boot-test-autoconfigure\2.1.17.RELEASE\spring-boot-test-autoconfigure-2.1.17.RELEASE.jar;C:\Users\91878\.m2\repository\com\jayway\jsonpath\json-path\2.4.0\json-path-2.4.0.jar;C:\Users\91878\.m2\repository\net\minidev\json-smart\2.3\json-smart-2.3.jar;C:\Users\91878\.m2\repository\net\minidev\accessors-smart\1.2\accessors-smart-1.2.jar;C:\Users\91878\.m2\repository\org\ow2\asm\asm\5.0.4\asm-5.0.4.jar;C:\Users\91878\.m2\repository\junit\junit\4.12\junit-4.12.jar;C:\Users\91878\.m2\repository\org\assertj\assertj-core\3.11.1\assertj-core-3.11.1.jar;C:\Users\91878\.m2\repository\org\mockito\mockito-core\2.23.4\mockito-core-2.23.4.jar;C:\Users\91878\.m2\repository\net\bytebuddy\byte-buddy\1.9.16\byte-buddy-1.9.16.jar;C:\Users\91878\.m2\repository\net\bytebuddy\byte-buddy-agent\1.9.16\byte-buddy-agent-1.9.16.jar;C:\Users\91878\.m2\repository\org\objenesis\objenesis\2.6\objenesis-2.6.jar;C:\Users\91878\.m2\repository\org\hamcrest\hamcrest-core\1.3\hamcrest-core-1.3.jar;C:\Users\91878\.m2\repository\org\hamcrest\hamcrest-library\1.3\hamcrest-library-1.3.jar;C:\Users\91878\.m2\repository\org\skyscreamer\jsonassert\1.5.0\jsonassert-1.5.0.jar;C:\Users\91878\.m2\repository\com\vaadin\external\google\android-json\0.0.20131108.vaadin1\android-json-0.0.20131108.vaadin1.jar;C:\Users\91878\.m2\repository\org\springframework\spring-core\5.1.18.RELEASE\spring-core-5.1.18.RELEASE.jar;C:\Users\91878\.m2\repository\org\springframework\spring-jcl\5.1.18.RELEASE\spring-jcl-5.1.18.RELEASE.jar;C:\Users\91878\.m2\repository\org\springframework\spring-test\5.1.18.RELEASE\spring-test-5.1.18.RELEASE.jar;C:\Users\91878\.m2\repository\org\xmlunit\xmlunit-core\2.6.4\xmlunit-core-2.6.4.jar;"/>
    <property name="sun.cpu.endian" value="little"/>
    <property name="user.home" value="C:\Users\91878"/>
    <property name="user.language" value="en"/>
    <property name="java.specification.vendor" value="Oracle Corporation"/>
    <property name="java.version.date" value="2020-07-14"/>
    <property name="java.home" value="C:\Program Files\Java\jdk-11.0.8"/>
    <property name="file.separator" value="\"/>
    <property name="basedir" value="D:\Akash\Study\workspaces\spring\sfg-pet-clinic\pet-clinic-web"/>
    <property name="java.vm.compressedOopsMode" value="Zero based"/>
    <property name="line.separator" value="&#10;"/>
    <property name="java.specification.name" value="Java Platform API Specification"/>
    <property name="java.vm.specification.vendor" value="Oracle Corporation"/>
    <property name="java.awt.graphicsenv" value="sun.awt.Win32GraphicsEnvironment"/>
    <property name="surefire.real.class.path" value="C:\Users\91878\AppData\Local\Temp\surefire6649147110762012877\surefirebooter5899848032650395190.jar"/>
    <property name="user.script" value=""/>
    <property name="sun.management.compiler" value="HotSpot 64-Bit Tiered Compilers"/>
    <property name="java.runtime.version" value="11.0.8+10-LTS"/>
    <property name="user.name" value="91878"/>
    <property name="path.separator" value=";"/>
    <property name="os.version" value="10.0"/>
    <property name="java.runtime.name" value="Java(TM) SE Runtime Environment"/>
    <property name="file.encoding" value="Cp1252"/>
    <property name="java.vm.name" value="Java HotSpot(TM) 64-Bit Server VM"/>
    <property name="java.vendor.version" value="18.9"/>
    <property name="localRepository" value="C:\Users\91878\.m2\repository"/>
    <property name="java.vendor.url.bug" value="https://bugreport.java.com/bugreport/"/>
    <property name="java.io.tmpdir" value="C:\Users\91878\AppData\Local\Temp\"/>
    <property name="idea.version" value="2020.3"/>
    <property name="java.version" value="11.0.8"/>
    <property name="user.dir" value="D:\Akash\Study\workspaces\spring\sfg-pet-clinic\pet-clinic-web"/>
    <property name="os.arch" value="amd64"/>
    <property name="java.vm.specification.name" value="Java Virtual Machine Specification"/>
    <property name="java.awt.printerjob" value="sun.awt.windows.WPrinterJob"/>
    <property name="sun.os.patch.level" value=""/>
    <property name="java.library.path" value="C:\Program Files\Java\jdk-11.0.8\bin;C:\WINDOWS\Sun\Java\bin;C:\WINDOWS\system32;C:\WINDOWS;C:\Program Files\Common Files\Oracle\Java\javapath;C:\Windows\system32;C:\Windows;C:\Windows\System32\Wbem;C:\Windows\System32\WindowsPowerShell\v1.0\;C:\Windows\System32\OpenSSH\;C:\Program Files (x86)\NVIDIA Corporation\PhysX\Common;C:\Program Files\NVIDIA Corporation\NVIDIA NvDLISR;C:\WINDOWS\system32;C:\WINDOWS;C:\WINDOWS\System32\Wbem;C:\WINDOWS\System32\WindowsPowerShell\v1.0\;C:\WINDOWS\System32\OpenSSH\;C:\Program Files\Java\jdk-11.0.8\bin;D:\Akash\Tools\Gradle\gradle-6.6.1\bin;D:\Akash\Tools\Maven\apache-maven-3.6.3\bin;C:\Program Files\nodejs\;C:\Program Files\Git\cmd;C:\Users\91878\AppData\Local\Microsoft\WindowsApps;C:\Users\91878\AppData\Roaming\npm;D:\Akash\IDE\Microsoft VS Code\bin;."/>
    <property name="java.vendor" value="Oracle Corporation"/>
    <property name="java.vm.info" value="mixed mode"/>
    <property name="java.vm.version" value="11.0.8+10-LTS"/>
    <property name="sun.io.unicode.encoding" value="UnicodeLittle"/>
    <property name="java.class.version" value="55.0"/>
  </properties>
  <testcase name="contextLoads" classname="guru.springframework.sfgpetclinic.SfgPetClinicApplicationTests" time="0.054"/>
</testsuite>